<?xml version="1.0" ?>
<!DOCTYPE coverage SYSTEM "http://cobertura.sourceforge.net/xml/coverage-04.dtd">
<coverage lines-valid="18"  lines-covered="18"  line-rate="1"  branches-valid="0"  branches-covered="0"  branch-rate="1"  timestamp="1447349402646" complexity="0" version="0.1">
<sources>
	<source>C:\Users\net6\Documents\Jasmine</source>
</sources>
<packages>
	<package name="js"  line-rate="1"  branch-rate="1" >
	<classes>
		<class name="cars-controller.js"  filename="app\js\cars-controller.js"  line-rate="1"  branch-rate="1" >
		<methods>
			<method name="(anonymous_1)"  hits="1"  signature="()V" >
				<lines><line number="1"  hits="1" /></lines>
			</method>
		</methods>
		<lines>
			<line number="1"  hits="1"  branch="false" />
			<line number="3"  hits="1"  branch="false" />
		</lines>
		</class>
		<class name="cars.js"  filename="app\js\cars.js"  line-rate="1"  branch-rate="1" >
		<methods>
			<method name="(anonymous_1)"  hits="1"  signature="()V" >
				<lines><line number="3"  hits="1" /></lines>
			</method>
			<method name="(anonymous_2)"  hits="2"  signature="()V" >
				<lines><line number="6"  hits="2" /></lines>
			</method>
			<method name="createCar"  hits="4"  signature="()V" >
				<lines><line number="13"  hits="4" /></lines>
			</method>
			<method name="getCars"  hits="2"  signature="()V" >
				<lines><line number="21"  hits="2" /></lines>
			</method>
			<method name="(anonymous_5)"  hits="2"  signature="()V" >
				<lines><line number="30"  hits="2" /></lines>
			</method>
		</methods>
		<lines>
			<line number="3"  hits="1"  branch="false" />
			<line number="4"  hits="1"  branch="false" />
			<line number="6"  hits="1"  branch="false" />
			<line number="8"  hits="2"  branch="false" />
			<line number="13"  hits="1"  branch="false" />
			<line number="14"  hits="4"  branch="false" />
			<line number="21"  hits="1"  branch="false" />
			<line number="22"  hits="2"  branch="false" />
			<line number="25"  hits="2"  branch="false" />
			<line number="30"  hits="1"  branch="false" />
			<line number="31"  hits="2"  branch="false" />
		</lines>
		</class>
		<class name="decorator-filter.js"  filename="app\js\decorator-filter.js"  line-rate="1"  branch-rate="1" >
		<methods>
			<method name="(anonymous_1)"  hits="1"  signature="()V" >
				<lines><line number="3"  hits="1" /></lines>
			</method>
			<method name="(anonymous_2)"  hits="1"  signature="()V" >
				<lines><line number="6"  hits="1" /></lines>
			</method>
			<method name="(anonymous_3)"  hits="1"  signature="()V" >
				<lines><line number="7"  hits="1" /></lines>
			</method>
		</methods>
		<lines>
			<line number="3"  hits="1"  branch="false" />
			<line number="4"  hits="1"  branch="false" />
			<line number="6"  hits="1"  branch="false" />
			<line number="7"  hits="1"  branch="false" />
			<line number="8"  hits="1"  branch="false" />
		</lines>
		</class>
	</classes>
	</package>
</packages>
</coverage>
