TN:
SF:C:\Users\net6\Documents\Jasmine\app\js\cars-controller.js
FN:1,(anonymous_1)
FNF:1
FNH:1
FNDA:1,(anonymous_1)
DA:1,1
DA:3,1
LF:2
LH:2
BRF:0
BRH:0
end_of_record
TN:
SF:C:\Users\net6\Documents\Jasmine\app\js\cars.js
FN:3,(anonymous_1)
FN:6,(anonymous_2)
FN:13,createCar
FN:21,getCars
FN:30,(anonymous_5)
FNF:5
FNH:5
FNDA:1,(anonymous_1)
FNDA:2,(anonymous_2)
FNDA:4,createCar
FNDA:2,getCars
FNDA:2,(anonymous_5)
DA:3,1
DA:4,1
DA:6,1
DA:8,2
DA:13,1
DA:14,4
DA:21,1
DA:22,2
DA:25,2
DA:30,1
DA:31,2
LF:11
LH:11
BRF:0
BRH:0
end_of_record
TN:
SF:C:\Users\net6\Documents\Jasmine\app\js\decorator-filter.js
FN:3,(anonymous_1)
FN:6,(anonymous_2)
FN:7,(anonymous_3)
FNF:3
FNH:3
FNDA:1,(anonymous_1)
FNDA:1,(anonymous_2)
FNDA:1,(anonymous_3)
DA:3,1
DA:4,1
DA:6,1
DA:7,1
DA:8,1
LF:5
LH:5
BRF:0
BRH:0
end_of_record
